# JRE version: Java(TM) SE Runtime Environment (8.0_221-b11) (build 1.8.0_221-b11)
# Java VM: Java HotSpot(TM) 64-Bit Server VM (25.221-b11 mixed mode windows-amd64 compressed oops)
Heap:
 PSYoungGen      total 168448K, used 125350K [0x00000000d6c00000, 0x00000000e3300000, 0x0000000100000000)
  eden space 137216K, 85% used [0x00000000d6c00000,0x00000000dde878d8,0x00000000df200000)
  from space 31232K, 25% used [0x00000000e1480000,0x00000000e1c62238,0x00000000e3300000)
  to   space 33280K, 0% used [0x00000000df200000,0x00000000df200000,0x00000000e1280000)
 ParOldGen       total 184832K, used 56075K [0x0000000084400000, 0x000000008f880000, 0x00000000d6c00000)
  object space 184832K, 30% used [0x0000000084400000,0x0000000087ac2dd8,0x000000008f880000)
 Metaspace       used 50421K, capacity 54724K, committed 55128K, reserved 1095680K
  class space    used 6239K, capacity 7930K, committed 8024K, reserved 1048576K
GC Heap History (10 events):
Event: 7562.679 GC heap before
{Heap before GC invocations=17 (full 2):
 PSYoungGen      total 153088K, used 153065K [0x00000000d6c00000, 0x00000000e3000000, 0x0000000100000000)
  eden space 137216K, 100% used [0x00000000d6c00000,0x00000000df200000,0x00000000df200000)
  from space 15872K, 99% used [0x00000000e2080000,0x00000000e2ffa500,0x00000000e3000000)
  to   space 19968K, 0% used [0x00000000e0900000,0x00000000e0900000,0x00000000e1c80000)
 ParOldGen       total 115712K, used 66258K [0x0000000084400000, 0x000000008b500000, 0x00000000d6c00000)
  object space 115712K, 57% used [0x0000000084400000,0x00000000884b4a08,0x000000008b500000)
 Metaspace       used 49846K, capacity 54154K, committed 54360K, reserved 1095680K
  class space    used 6241K, capacity 7945K, committed 8024K, reserved 1048576K
Event: 7562.692 GC heap after
Heap after GC invocations=17 (full 2):
 PSYoungGen      total 153088K, used 19951K [0x00000000d6c00000, 0x00000000e2100000, 0x0000000100000000)
  eden space 133120K, 0% used [0x00000000d6c00000,0x00000000d6c00000,0x00000000dee00000)
  from space 19968K, 99% used [0x00000000e0900000,0x00000000e1c7bde0,0x00000000e1c80000)
  to   space 4608K, 0% used [0x00000000e1c80000,0x00000000e1c80000,0x00000000e2100000)
 ParOldGen       total 115712K, used 71225K [0x0000000084400000, 0x000000008b500000, 0x00000000d6c00000)
  object space 115712K, 61% used [0x0000000084400000,0x000000008898e608,0x000000008b500000)
 Metaspace       used 49846K, capacity 54154K, committed 54360K, reserved 1095680K
  class space    used 6241K, capacity 7945K, committed 8024K, reserved 1048576K
}
Event: 7588.775 GC heap before
{Heap before GC invocations=18 (full 2):
 PSYoungGen      total 153088K, used 153071K [0x00000000d6c00000, 0x00000000e2100000, 0x0000000100000000)
  eden space 133120K, 100% used [0x00000000d6c00000,0x00000000dee00000,0x00000000dee00000)
  from space 19968K, 99% used [0x00000000e0900000,0x00000000e1c7bde0,0x00000000e1c80000)
  to   space 4608K, 0% used [0x00000000e1c80000,0x00000000e1c80000,0x00000000e2100000)
 ParOldGen       total 115712K, used 71225K [0x0000000084400000, 0x000000008b500000, 0x00000000d6c00000)
  object space 115712K, 61% used [0x0000000084400000,0x000000008898e608,0x000000008b500000)
 Metaspace       used 50025K, capacity 54282K, committed 54616K, reserved 1095680K
  class space    used 6241K, capacity 7945K, committed 8024K, reserved 1048576K
Event: 7588.786 GC heap after
Heap after GC invocations=18 (full 2):
 PSYoungGen      total 133632K, used 4596K [0x00000000d6c00000, 0x00000000e2b00000, 0x0000000100000000)
  eden space 129024K, 0% used [0x00000000d6c00000,0x00000000d6c00000,0x00000000dea00000)
  from space 4608K, 99% used [0x00000000e1c80000,0x00000000e20fd318,0x00000000e2100000)
  to   space 33280K, 0% used [0x00000000dea00000,0x00000000dea00000,0x00000000e0a80000)
 ParOldGen       total 115712K, used 104667K [0x0000000084400000, 0x000000008b500000, 0x00000000d6c00000)
  object space 115712K, 90% used [0x0000000084400000,0x000000008aa36d40,0x000000008b500000)
 Metaspace       used 50025K, capacity 54282K, committed 54616K, reserved 1095680K
  class space    used 6241K, capacity 7945K, committed 8024K, reserved 1048576K
}
Event: 7588.786 GC heap before
{Heap before GC invocations=19 (full 3):
 PSYoungGen      total 133632K, used 4596K [0x00000000d6c00000, 0x00000000e2b00000, 0x0000000100000000)
  eden space 129024K, 0% used [0x00000000d6c00000,0x00000000d6c00000,0x00000000dea00000)
  from space 4608K, 99% used [0x00000000e1c80000,0x00000000e20fd318,0x00000000e2100000)
  to   space 33280K, 0% used [0x00000000dea00000,0x00000000dea00000,0x00000000e0a80000)
 ParOldGen       total 115712K, used 104667K [0x0000000084400000, 0x000000008b500000, 0x00000000d6c00000)
  object space 115712K, 90% used [0x0000000084400000,0x000000008aa36d40,0x000000008b500000)
 Metaspace       used 50025K, capacity 54282K, committed 54616K, reserved 1095680K
  class space    used 6241K, capacity 7945K, committed 8024K, reserved 1048576K
Event: 7588.903 GC heap after
Heap after GC invocations=19 (full 3):
 PSYoungGen      total 133632K, used 0K [0x00000000d6c00000, 0x00000000e2b00000, 0x0000000100000000)
  eden space 129024K, 0% used [0x00000000d6c00000,0x00000000d6c00000,0x00000000dea00000)
  from space 4608K, 0% used [0x00000000e1c80000,0x00000000e1c80000,0x00000000e2100000)
  to   space 33280K, 0% used [0x00000000dea00000,0x00000000dea00000,0x00000000e0a80000)
 ParOldGen       total 184832K, used 56059K [0x0000000084400000, 0x000000008f880000, 0x00000000d6c00000)
  object space 184832K, 30% used [0x0000000084400000,0x0000000087abedd8,0x000000008f880000)
 Metaspace       used 49965K, capacity 54188K, committed 54616K, reserved 1095680K
  class space    used 6230K, capacity 7926K, committed 8024K, reserved 1048576K
}
Event: 7645.347 GC heap before
{Heap before GC invocations=20 (full 3):
 PSYoungGen      total 133632K, used 129024K [0x00000000d6c00000, 0x00000000e2b00000, 0x0000000100000000)
  eden space 129024K, 100% used [0x00000000d6c00000,0x00000000dea00000,0x00000000dea00000)
  from space 4608K, 0% used [0x00000000e1c80000,0x00000000e1c80000,0x00000000e2100000)
  to   space 33280K, 0% used [0x00000000dea00000,0x00000000dea00000,0x00000000e0a80000)
 ParOldGen       total 184832K, used 56059K [0x0000000084400000, 0x000000008f880000, 0x00000000d6c00000)
  object space 184832K, 30% used [0x0000000084400000,0x0000000087abedd8,0x000000008f880000)
 Metaspace       used 50200K, capacity 54392K, committed 54872K, reserved 1095680K
  class space    used 6238K, capacity 7928K, committed 8024K, reserved 1048576K
Event: 7645.357 GC heap after
Heap after GC invocations=20 (full 3):
 PSYoungGen      total 162304K, used 20182K [0x00000000d6c00000, 0x00000000e3580000, 0x0000000100000000)
  eden space 129024K, 0% used [0x00000000d6c00000,0x00000000d6c00000,0x00000000dea00000)
  from space 33280K, 60% used [0x00000000dea00000,0x00000000dfdb5898,0x00000000e0a80000)
  to   space 33792K, 0% used [0x00000000e1480000,0x00000000e1480000,0x00000000e3580000)
 ParOldGen       total 184832K, used 56067K [0x0000000084400000, 0x000000008f880000, 0x00000000d6c00000)
  object space 184832K, 30% used [0x0000000084400000,0x0000000087ac0dd8,0x000000008f880000)
 Metaspace       used 50200K, capacity 54392K, committed 54872K, reserved 1095680K
  class space    used 6238K, capacity 7928K, committed 8024K, reserved 1048576K
}
Event: 7664.152 GC heap before
{Heap before GC invocations=21 (full 3):
 PSYoungGen      total 162304K, used 148954K [0x00000000d6c00000, 0x00000000e3580000, 0x0000000100000000)
  eden space 129024K, 99% used [0x00000000d6c00000,0x00000000de9c10d0,0x00000000dea00000)
  from space 33280K, 60% used [0x00000000dea00000,0x00000000dfdb5898,0x00000000e0a80000)
  to   space 33792K, 0% used [0x00000000e1480000,0x00000000e1480000,0x00000000e3580000)
 ParOldGen       total 184832K, used 56067K [0x0000000084400000, 0x000000008f880000, 0x00000000d6c00000)
  object space 184832K, 30% used [0x0000000084400000,0x0000000087ac0dd8,0x000000008f880000)
 Metaspace       used 50321K, capacity 54590K, committed 54872K, reserved 1095680K
  class space    used 6239K, capacity 7929K, committed 8024K, reserved 1048576K
Event: 7664.156 GC heap after
Heap after GC invocations=21 (full 3):
 PSYoungGen      total 168448K, used 8072K [0x00000000d6c00000, 0x00000000e3300000, 0x0000000100000000)
  eden space 137216K, 0% used [0x00000000d6c00000,0x00000000d6c00000,0x00000000df200000)
  from space 31232K, 25% used [0x00000000e1480000,0x00000000e1c62238,0x00000000e3300000)
  to   space 33280K, 0% used [0x00000000df200000,0x00000000df200000,0x00000000e1280000)
 ParOldGen       total 184832K, used 56075K [0x0000000084400000, 0x000000008f880000, 0x00000000d6c00000)
  object space 184832K, 30% used [0x0000000084400000,0x0000000087ac2dd8,0x000000008f880000)
 Metaspace       used 50321K, capacity 54590K, committed 54872K, reserved 1095680K
  class space    used 6239K, capacity 7929K, committed 8024K, reserved 1048576K
}

