# JRE version: Java(TM) SE Runtime Environment (8.0_221-b11) (build 1.8.0_221-b11)
# Java VM: Java HotSpot(TM) 64-Bit Server VM (25.221-b11 mixed mode windows-amd64 compressed oops)
Heap:
 PSYoungGen      total 145920K, used 72189K [0x00000000d6c00000, 0x00000000e3700000, 0x0000000100000000)
  eden space 86528K, 75% used [0x00000000d6c00000,0x00000000dabc36f8,0x00000000dc080000)
  from space 59392K, 11% used [0x00000000dc080000,0x00000000dc73bf68,0x00000000dfa80000)
  to   space 56832K, 0% used [0x00000000dff80000,0x00000000dff80000,0x00000000e3700000)
 ParOldGen       total 211456K, used 67876K [0x0000000084400000, 0x0000000091280000, 0x00000000d6c00000)
  object space 211456K, 32% used [0x0000000084400000,0x0000000088649180,0x0000000091280000)
 Metaspace       used 63595K, capacity 68382K, committed 68864K, reserved 1107968K
  class space    used 8056K, capacity 9877K, committed 9984K, reserved 1048576K
GC Heap History (10 events):
Event: 3479.439 GC heap before
{Heap before GC invocations=165 (full 4):
 PSYoungGen      total 137216K, used 70304K [0x00000000d6c00000, 0x00000000e3480000, 0x0000000100000000)
  eden space 69632K, 100% used [0x00000000d6c00000,0x00000000db000000,0x00000000db000000)
  from space 67584K, 0% used [0x00000000df200000,0x00000000df2a8000,0x00000000e3400000)
  to   space 67584K, 0% used [0x00000000db000000,0x00000000db000000,0x00000000df200000)
 ParOldGen       total 211456K, used 67876K [0x0000000084400000, 0x0000000091280000, 0x00000000d6c00000)
  object space 211456K, 32% used [0x0000000084400000,0x0000000088649180,0x0000000091280000)
 Metaspace       used 63455K, capacity 68222K, committed 68608K, reserved 1107968K
  class space    used 8034K, capacity 9845K, committed 9984K, reserved 1048576K
Event: 3479.441 GC heap after
Heap after GC invocations=165 (full 4):
 PSYoungGen      total 137216K, used 704K [0x00000000d6c00000, 0x00000000e3a80000, 0x0000000100000000)
  eden space 69632K, 0% used [0x00000000d6c00000,0x00000000d6c00000,0x00000000db000000)
  from space 67584K, 1% used [0x00000000db000000,0x00000000db0b0000,0x00000000df200000)
  to   space 66560K, 0% used [0x00000000df980000,0x00000000df980000,0x00000000e3a80000)
 ParOldGen       total 211456K, used 67876K [0x0000000084400000, 0x0000000091280000, 0x00000000d6c00000)
  object space 211456K, 32% used [0x0000000084400000,0x0000000088649180,0x0000000091280000)
 Metaspace       used 63455K, capacity 68222K, committed 68608K, reserved 1107968K
  class space    used 8034K, capacity 9845K, committed 9984K, reserved 1048576K
}
Event: 3479.540 GC heap before
{Heap before GC invocations=166 (full 4):
 PSYoungGen      total 137216K, used 70336K [0x00000000d6c00000, 0x00000000e3a80000, 0x0000000100000000)
  eden space 69632K, 100% used [0x00000000d6c00000,0x00000000db000000,0x00000000db000000)
  from space 67584K, 1% used [0x00000000db000000,0x00000000db0b0000,0x00000000df200000)
  to   space 66560K, 0% used [0x00000000df980000,0x00000000df980000,0x00000000e3a80000)
 ParOldGen       total 211456K, used 67876K [0x0000000084400000, 0x0000000091280000, 0x00000000d6c00000)
  object space 211456K, 32% used [0x0000000084400000,0x0000000088649180,0x0000000091280000)
 Metaspace       used 63456K, capacity 68222K, committed 68608K, reserved 1107968K
  class space    used 8034K, capacity 9845K, committed 9984K, reserved 1048576K
Event: 3479.542 GC heap after
Heap after GC invocations=166 (full 4):
 PSYoungGen      total 142848K, used 640K [0x00000000d6c00000, 0x00000000e3800000, 0x0000000100000000)
  eden space 78848K, 0% used [0x00000000d6c00000,0x00000000d6c00000,0x00000000db900000)
  from space 64000K, 1% used [0x00000000df980000,0x00000000dfa20000,0x00000000e3800000)
  to   space 65024K, 0% used [0x00000000db900000,0x00000000db900000,0x00000000df880000)
 ParOldGen       total 211456K, used 67876K [0x0000000084400000, 0x0000000091280000, 0x00000000d6c00000)
  object space 211456K, 32% used [0x0000000084400000,0x0000000088649180,0x0000000091280000)
 Metaspace       used 63456K, capacity 68222K, committed 68608K, reserved 1107968K
  class space    used 8034K, capacity 9845K, committed 9984K, reserved 1048576K
}
Event: 3581.458 GC heap before
{Heap before GC invocations=167 (full 4):
 PSYoungGen      total 142848K, used 79372K [0x00000000d6c00000, 0x00000000e3800000, 0x0000000100000000)
  eden space 78848K, 99% used [0x00000000d6c00000,0x00000000db8e33d8,0x00000000db900000)
  from space 64000K, 1% used [0x00000000df980000,0x00000000dfa20000,0x00000000e3800000)
  to   space 65024K, 0% used [0x00000000db900000,0x00000000db900000,0x00000000df880000)
 ParOldGen       total 211456K, used 67876K [0x0000000084400000, 0x0000000091280000, 0x00000000d6c00000)
  object space 211456K, 32% used [0x0000000084400000,0x0000000088649180,0x0000000091280000)
 Metaspace       used 63487K, capacity 68222K, committed 68608K, reserved 1107968K
  class space    used 8034K, capacity 9845K, committed 9984K, reserved 1048576K
Event: 3581.462 GC heap after
Heap after GC invocations=167 (full 4):
 PSYoungGen      total 143872K, used 4299K [0x00000000d6c00000, 0x00000000e3c00000, 0x0000000100000000)
  eden space 78848K, 0% used [0x00000000d6c00000,0x00000000d6c00000,0x00000000db900000)
  from space 65024K, 6% used [0x00000000db900000,0x00000000dbd32eb8,0x00000000df880000)
  to   space 62464K, 0% used [0x00000000dff00000,0x00000000dff00000,0x00000000e3c00000)
 ParOldGen       total 211456K, used 67876K [0x0000000084400000, 0x0000000091280000, 0x00000000d6c00000)
  object space 211456K, 32% used [0x0000000084400000,0x0000000088649180,0x0000000091280000)
 Metaspace       used 63487K, capacity 68222K, committed 68608K, reserved 1107968K
  class space    used 8034K, capacity 9845K, committed 9984K, reserved 1048576K
}
Event: 3864.176 GC heap before
{Heap before GC invocations=168 (full 4):
 PSYoungGen      total 143872K, used 83147K [0x00000000d6c00000, 0x00000000e3c00000, 0x0000000100000000)
  eden space 78848K, 100% used [0x00000000d6c00000,0x00000000db900000,0x00000000db900000)
  from space 65024K, 6% used [0x00000000db900000,0x00000000dbd32eb8,0x00000000df880000)
  to   space 62464K, 0% used [0x00000000dff00000,0x00000000dff00000,0x00000000e3c00000)
 ParOldGen       total 211456K, used 67876K [0x0000000084400000, 0x0000000091280000, 0x00000000d6c00000)
  object space 211456K, 32% used [0x0000000084400000,0x0000000088649180,0x0000000091280000)
 Metaspace       used 63505K, capacity 68286K, committed 68608K, reserved 1107968K
  class space    used 8039K, capacity 9845K, committed 9984K, reserved 1048576K
Event: 3864.185 GC heap after
Heap after GC invocations=168 (full 4):
 PSYoungGen      total 141312K, used 20121K [0x00000000d6c00000, 0x00000000e3480000, 0x0000000100000000)
  eden space 86528K, 0% used [0x00000000d6c00000,0x00000000d6c00000,0x00000000dc080000)
  from space 54784K, 36% used [0x00000000dff00000,0x00000000e12a6428,0x00000000e3480000)
  to   space 59392K, 0% used [0x00000000dc080000,0x00000000dc080000,0x00000000dfa80000)
 ParOldGen       total 211456K, used 67876K [0x0000000084400000, 0x0000000091280000, 0x00000000d6c00000)
  object space 211456K, 32% used [0x0000000084400000,0x0000000088649180,0x0000000091280000)
 Metaspace       used 63505K, capacity 68286K, committed 68608K, reserved 1107968K
  class space    used 8039K, capacity 9845K, committed 9984K, reserved 1048576K
}
Event: 3871.637 GC heap before
{Heap before GC invocations=169 (full 4):
 PSYoungGen      total 141312K, used 106323K [0x00000000d6c00000, 0x00000000e3480000, 0x0000000100000000)
  eden space 86528K, 99% used [0x00000000d6c00000,0x00000000dc02eb20,0x00000000dc080000)
  from space 54784K, 36% used [0x00000000dff00000,0x00000000e12a6428,0x00000000e3480000)
  to   space 59392K, 0% used [0x00000000dc080000,0x00000000dc080000,0x00000000dfa80000)
 ParOldGen       total 211456K, used 67876K [0x0000000084400000, 0x0000000091280000, 0x00000000d6c00000)
  object space 211456K, 32% used [0x0000000084400000,0x0000000088649180,0x0000000091280000)
 Metaspace       used 63564K, capacity 68318K, committed 68608K, reserved 1107968K
  class space    used 8051K, capacity 9877K, committed 9984K, reserved 1048576K
Event: 3871.641 GC heap after
Heap after GC invocations=169 (full 4):
 PSYoungGen      total 145920K, used 6895K [0x00000000d6c00000, 0x00000000e3700000, 0x0000000100000000)
  eden space 86528K, 0% used [0x00000000d6c00000,0x00000000d6c00000,0x00000000dc080000)
  from space 59392K, 11% used [0x00000000dc080000,0x00000000dc73bf68,0x00000000dfa80000)
  to   space 56832K, 0% used [0x00000000dff80000,0x00000000dff80000,0x00000000e3700000)
 ParOldGen       total 211456K, used 67876K [0x0000000084400000, 0x0000000091280000, 0x00000000d6c00000)
  object space 211456K, 32% used [0x0000000084400000,0x0000000088649180,0x0000000091280000)
 Metaspace       used 63564K, capacity 68318K, committed 68608K, reserved 1107968K
  class space    used 8051K, capacity 9877K, committed 9984K, reserved 1048576K
}

