# JRE version: Java(TM) SE Runtime Environment (8.0_221-b11) (build 1.8.0_221-b11)
# Java VM: Java HotSpot(TM) 64-Bit Server VM (25.221-b11 mixed mode windows-amd64 compressed oops)
Heap:
 PSYoungGen      total 350720K, used 138205K [0x00000000d6c00000, 0x00000000f0180000, 0x0000000100000000)
  eden space 289280K, 34% used [0x00000000d6c00000,0x00000000dcd55f38,0x00000000e8680000)
  from space 61440K, 62% used [0x00000000ec580000,0x00000000eeb21648,0x00000000f0180000)
  to   space 62976K, 0% used [0x00000000e8680000,0x00000000e8680000,0x00000000ec400000)
 ParOldGen       total 160256K, used 66563K [0x0000000084400000, 0x000000008e080000, 0x00000000d6c00000)
  object space 160256K, 41% used [0x0000000084400000,0x0000000088500c68,0x000000008e080000)
 Metaspace       used 61601K, capacity 66080K, committed 66304K, reserved 1105920K
  class space    used 7665K, capacity 9416K, committed 9472K, reserved 1048576K
GC Heap History (10 events):
Event: 2806.917 GC heap before
{Heap before GC invocations=43 (full 3):
 PSYoungGen      total 330240K, used 278712K [0x00000000d6c00000, 0x00000000f0580000, 0x0000000100000000)
  eden space 256000K, 100% used [0x00000000d6c00000,0x00000000e6600000,0x00000000e6600000)
  from space 74240K, 30% used [0x00000000e6600000,0x00000000e7c2e3c8,0x00000000eae80000)
  to   space 71680K, 0% used [0x00000000ebf80000,0x00000000ebf80000,0x00000000f0580000)
 ParOldGen       total 160256K, used 66539K [0x0000000084400000, 0x000000008e080000, 0x00000000d6c00000)
  object space 160256K, 41% used [0x0000000084400000,0x00000000884fac68,0x000000008e080000)
 Metaspace       used 61020K, capacity 65630K, committed 66048K, reserved 1105920K
  class space    used 7613K, capacity 9350K, committed 9472K, reserved 1048576K
Event: 2806.926 GC heap after
Heap after GC invocations=43 (full 3):
 PSYoungGen      total 332288K, used 30128K [0x00000000d6c00000, 0x00000000efa00000, 0x0000000100000000)
  eden space 272384K, 0% used [0x00000000d6c00000,0x00000000d6c00000,0x00000000e7600000)
  from space 59904K, 50% used [0x00000000ebf80000,0x00000000edcec368,0x00000000efa00000)
  to   space 67584K, 0% used [0x00000000e7600000,0x00000000e7600000,0x00000000eb800000)
 ParOldGen       total 160256K, used 66547K [0x0000000084400000, 0x000000008e080000, 0x00000000d6c00000)
  object space 160256K, 41% used [0x0000000084400000,0x00000000884fcc68,0x000000008e080000)
 Metaspace       used 61020K, capacity 65630K, committed 66048K, reserved 1105920K
  class space    used 7613K, capacity 9350K, committed 9472K, reserved 1048576K
}
Event: 3034.795 GC heap before
{Heap before GC invocations=44 (full 3):
 PSYoungGen      total 332288K, used 302512K [0x00000000d6c00000, 0x00000000efa00000, 0x0000000100000000)
  eden space 272384K, 100% used [0x00000000d6c00000,0x00000000e7600000,0x00000000e7600000)
  from space 59904K, 50% used [0x00000000ebf80000,0x00000000edcec368,0x00000000efa00000)
  to   space 67584K, 0% used [0x00000000e7600000,0x00000000e7600000,0x00000000eb800000)
 ParOldGen       total 160256K, used 66547K [0x0000000084400000, 0x000000008e080000, 0x00000000d6c00000)
  object space 160256K, 41% used [0x0000000084400000,0x00000000884fcc68,0x000000008e080000)
 Metaspace       used 61209K, capacity 65758K, committed 66048K, reserved 1105920K
  class space    used 7619K, capacity 9350K, committed 9472K, reserved 1048576K
Event: 3034.805 GC heap after
Heap after GC invocations=44 (full 3):
 PSYoungGen      total 339968K, used 21694K [0x00000000d6c00000, 0x00000000f0100000, 0x0000000100000000)
  eden space 272384K, 0% used [0x00000000d6c00000,0x00000000d6c00000,0x00000000e7600000)
  from space 67584K, 32% used [0x00000000e7600000,0x00000000e8b2f940,0x00000000eb800000)
  to   space 65024K, 0% used [0x00000000ec180000,0x00000000ec180000,0x00000000f0100000)
 ParOldGen       total 160256K, used 66547K [0x0000000084400000, 0x000000008e080000, 0x00000000d6c00000)
  object space 160256K, 41% used [0x0000000084400000,0x00000000884fcc68,0x000000008e080000)
 Metaspace       used 61209K, capacity 65758K, committed 66048K, reserved 1105920K
  class space    used 7619K, capacity 9350K, committed 9472K, reserved 1048576K
}
Event: 3050.225 GC heap before
{Heap before GC invocations=45 (full 3):
 PSYoungGen      total 339968K, used 294078K [0x00000000d6c00000, 0x00000000f0100000, 0x0000000100000000)
  eden space 272384K, 100% used [0x00000000d6c00000,0x00000000e7600000,0x00000000e7600000)
  from space 67584K, 32% used [0x00000000e7600000,0x00000000e8b2f940,0x00000000eb800000)
  to   space 65024K, 0% used [0x00000000ec180000,0x00000000ec180000,0x00000000f0100000)
 ParOldGen       total 160256K, used 66547K [0x0000000084400000, 0x000000008e080000, 0x00000000d6c00000)
  object space 160256K, 41% used [0x0000000084400000,0x00000000884fcc68,0x000000008e080000)
 Metaspace       used 61232K, capacity 65822K, committed 66048K, reserved 1105920K
  class space    used 7619K, capacity 9350K, committed 9472K, reserved 1048576K
Event: 3050.232 GC heap after
Heap after GC invocations=45 (full 3):
 PSYoungGen      total 341504K, used 20665K [0x00000000d6c00000, 0x00000000efb00000, 0x0000000100000000)
  eden space 282624K, 0% used [0x00000000d6c00000,0x00000000d6c00000,0x00000000e8000000)
  from space 58880K, 35% used [0x00000000ec180000,0x00000000ed5ae488,0x00000000efb00000)
  to   space 62976K, 0% used [0x00000000e8000000,0x00000000e8000000,0x00000000ebd80000)
 ParOldGen       total 160256K, used 66547K [0x0000000084400000, 0x000000008e080000, 0x00000000d6c00000)
  object space 160256K, 41% used [0x0000000084400000,0x00000000884fcc68,0x000000008e080000)
 Metaspace       used 61232K, capacity 65822K, committed 66048K, reserved 1105920K
  class space    used 7619K, capacity 9350K, committed 9472K, reserved 1048576K
}
Event: 3155.682 GC heap before
{Heap before GC invocations=46 (full 3):
 PSYoungGen      total 341504K, used 303289K [0x00000000d6c00000, 0x00000000efb00000, 0x0000000100000000)
  eden space 282624K, 100% used [0x00000000d6c00000,0x00000000e8000000,0x00000000e8000000)
  from space 58880K, 35% used [0x00000000ec180000,0x00000000ed5ae488,0x00000000efb00000)
  to   space 62976K, 0% used [0x00000000e8000000,0x00000000e8000000,0x00000000ebd80000)
 ParOldGen       total 160256K, used 66547K [0x0000000084400000, 0x000000008e080000, 0x00000000d6c00000)
  object space 160256K, 41% used [0x0000000084400000,0x00000000884fcc68,0x000000008e080000)
 Metaspace       used 61292K, capacity 65886K, committed 66304K, reserved 1105920K
  class space    used 7626K, capacity 9350K, committed 9472K, reserved 1048576K
Event: 3155.690 GC heap after
Heap after GC invocations=46 (full 3):
 PSYoungGen      total 345600K, used 37076K [0x00000000d6c00000, 0x00000000f0300000, 0x0000000100000000)
  eden space 282624K, 0% used [0x00000000d6c00000,0x00000000d6c00000,0x00000000e8000000)
  from space 62976K, 58% used [0x00000000e8000000,0x00000000ea435008,0x00000000ebd80000)
  to   space 62976K, 0% used [0x00000000ec580000,0x00000000ec580000,0x00000000f0300000)
 ParOldGen       total 160256K, used 66555K [0x0000000084400000, 0x000000008e080000, 0x00000000d6c00000)
  object space 160256K, 41% used [0x0000000084400000,0x00000000884fec68,0x000000008e080000)
 Metaspace       used 61292K, capacity 65886K, committed 66304K, reserved 1105920K
  class space    used 7626K, capacity 9350K, committed 9472K, reserved 1048576K
}
Event: 3380.432 GC heap before
{Heap before GC invocations=47 (full 3):
 PSYoungGen      total 345600K, used 319700K [0x00000000d6c00000, 0x00000000f0300000, 0x0000000100000000)
  eden space 282624K, 100% used [0x00000000d6c00000,0x00000000e8000000,0x00000000e8000000)
  from space 62976K, 58% used [0x00000000e8000000,0x00000000ea435008,0x00000000ebd80000)
  to   space 62976K, 0% used [0x00000000ec580000,0x00000000ec580000,0x00000000f0300000)
 ParOldGen       total 160256K, used 66555K [0x0000000084400000, 0x000000008e080000, 0x00000000d6c00000)
  object space 160256K, 41% used [0x0000000084400000,0x00000000884fec68,0x000000008e080000)
 Metaspace       used 61520K, capacity 66016K, committed 66304K, reserved 1105920K
  class space    used 7665K, capacity 9416K, committed 9472K, reserved 1048576K
Event: 3380.441 GC heap after
Heap after GC invocations=47 (full 3):
 PSYoungGen      total 350720K, used 38533K [0x00000000d6c00000, 0x00000000f0180000, 0x0000000100000000)
  eden space 289280K, 0% used [0x00000000d6c00000,0x00000000d6c00000,0x00000000e8680000)
  from space 61440K, 62% used [0x00000000ec580000,0x00000000eeb21648,0x00000000f0180000)
  to   space 62976K, 0% used [0x00000000e8680000,0x00000000e8680000,0x00000000ec400000)
 ParOldGen       total 160256K, used 66563K [0x0000000084400000, 0x000000008e080000, 0x00000000d6c00000)
  object space 160256K, 41% used [0x0000000084400000,0x0000000088500c68,0x000000008e080000)
 Metaspace       used 61520K, capacity 66016K, committed 66304K, reserved 1105920K
  class space    used 7665K, capacity 9416K, committed 9472K, reserved 1048576K
}

